<?xml version="1.0" encoding="UTF-8"?>
<robot generator="Robot 3.2.1 (Python 3.8.3 on win32)" generated="20200812 21:14:45.414" rpa="false">
<suite id="s1" name="IntroductionRobotFramework" source="C:\Users\natal\git\MonPremierProjetRobot_NataliaZosimova\IntroductionRobotFramework">
<suite id="s1-s1" name="MesTests" source="C:\Users\natal\git\MonPremierProjetRobot_NataliaZosimova\IntroductionRobotFramework\MesTests">
<suite id="s1-s1-s1" name="LoginSuitDe test" source="C:\Users\natal\git\MonPremierProjetRobot_NataliaZosimova\IntroductionRobotFramework\MesTests\LoginSuitDe test.robot">
<test id="s1-s1-s1-t1" name="Login Test">
<kw name="Open Browser" library="SeleniumLibrary">
<doc>Opens a new browser instance to the optional ``url``.</doc>
<arguments>
<arg>${URL}</arg>
<arg>${Browser}</arg>
</arguments>
<msg timestamp="20200812 21:14:45.897" level="INFO">Opening browser 'gc' to base url 'https://opensource-demo.orangehrmlive.com/index.php/auth/login'.</msg>
<kw name="Capture Page Screenshot" library="SeleniumLibrary">
<doc>Takes a screenshot of the current page and embeds it into a log file.</doc>
<msg timestamp="20200812 21:15:01.653" level="FAIL">WebDriverException: Message: chrome not reachable
  (Session info: chrome=84.0.4147.105)
</msg>
<status status="FAIL" starttime="20200812 21:14:49.532" endtime="20200812 21:15:01.654"></status>
</kw>
<msg timestamp="20200812 21:15:01.654" level="WARN">Keyword 'Capture Page Screenshot' could not be run on failure: WebDriverException: Message: chrome not reachable
  (Session info: chrome=84.0.4147.105)
</msg>
<msg timestamp="20200812 21:15:01.657" level="FAIL">WebDriverException: Message: unknown error: cannot determine loading status
from disconnected: received Inspector.detached event
  (Session info: chrome=84.0.4147.105)
</msg>
<status status="FAIL" starttime="20200812 21:14:45.896" endtime="20200812 21:15:01.657"></status>
</kw>
<doc>ceci un test de LogIn/Logout</doc>
<status status="FAIL" starttime="20200812 21:14:45.894" endtime="20200812 21:15:01.658" critical="yes">WebDriverException: Message: unknown error: cannot determine loading status
from disconnected: received Inspector.detached event
  (Session info: chrome=84.0.4147.105)
</status>
</test>
<status status="FAIL" starttime="20200812 21:14:45.597" endtime="20200812 21:15:01.659"></status>
</suite>
<status status="FAIL" starttime="20200812 21:14:45.593" endtime="20200812 21:15:01.662"></status>
</suite>
<status status="FAIL" starttime="20200812 21:14:45.551" endtime="20200812 21:15:01.665"></status>
</suite>
<statistics>
<total>
<stat pass="0" fail="1">Critical Tests</stat>
<stat pass="0" fail="1">All Tests</stat>
</total>
<tag>
</tag>
<suite>
<stat pass="0" fail="1" id="s1" name="IntroductionRobotFramework">IntroductionRobotFramework</stat>
<stat pass="0" fail="1" id="s1-s1" name="MesTests">IntroductionRobotFramework.MesTests</stat>
<stat pass="0" fail="1" id="s1-s1-s1" name="LoginSuitDe test">IntroductionRobotFramework.MesTests.LoginSuitDe test</stat>
</suite>
</statistics>
<errors>
<msg timestamp="20200812 21:15:01.654" level="WARN">Keyword 'Capture Page Screenshot' could not be run on failure: WebDriverException: Message: chrome not reachable
  (Session info: chrome=84.0.4147.105)
</msg>
</errors>
</robot>
