<?xml version="1.0" encoding="UTF-8"?>
<robot generator="Robot 3.2.1 (Python 3.8.3 on win32)" generated="20200713 19:38:46.844" rpa="false">
<suite id="s1" name="IntroductionRobotFramework" source="C:\Users\natal\eclipse-workspace\IntroductionRobotFramework">
<suite id="s1-s1" name="MesTests" source="C:\Users\natal\eclipse-workspace\IntroductionRobotFramework\MesTests">
<suite id="s1-s1-s1" name="LoginSuitDe test" source="C:\Users\natal\eclipse-workspace\IntroductionRobotFramework\MesTests\LoginSuitDe test.robot">
<test id="s1-s1-s1-t1" name="Login Test">
<kw name="Open Browser" library="SeleniumLibrary">
<doc>Opens a new browser instance to the optional ``url``.</doc>
<arguments>
<arg>${URL}</arg>
<arg>${Browser}</arg>
</arguments>
<msg timestamp="20200713 19:38:47.124" level="INFO">Opening browser 'gc' to base url 'https://opensource-demo.orangehrmlive.com/index.php/auth/login'.</msg>
<status status="PASS" starttime="20200713 19:38:47.124" endtime="20200713 19:38:50.916"></status>
</kw>
<kw name="Maximize Browser Window" library="SeleniumLibrary">
<doc>Maximizes current browser window.</doc>
<status status="PASS" starttime="20200713 19:38:50.916" endtime="20200713 19:38:53.145"></status>
</kw>
<kw name="Input Text" library="SeleniumLibrary">
<doc>Types the given ``text`` into the text field identified by ``locator``.</doc>
<arguments>
<arg>id=txtUsername</arg>
<arg>&amp;{DataLogin}[key1]</arg>
</arguments>
<msg timestamp="20200713 19:38:53.146" level="WARN">Accessing variable items using '&amp;{DataLogin}[key1]' syntax is deprecated. Use '${DataLogin}[key1]' instead.</msg>
<msg timestamp="20200713 19:38:53.146" level="INFO">Typing text 'Admin' into text field 'id=txtUsername'.</msg>
<status status="PASS" starttime="20200713 19:38:53.145" endtime="20200713 19:38:53.263"></status>
</kw>
<kw name="Input Text" library="SeleniumLibrary">
<doc>Types the given ``text`` into the text field identified by ``locator``.</doc>
<arguments>
<arg>id=txtPassword</arg>
<arg>&amp;{DataLogin}[key2]</arg>
</arguments>
<msg timestamp="20200713 19:38:53.263" level="WARN">Accessing variable items using '&amp;{DataLogin}[key2]' syntax is deprecated. Use '${DataLogin}[key2]' instead.</msg>
<msg timestamp="20200713 19:38:53.264" level="INFO">Typing text 'admin123' into text field 'id=txtPassword'.</msg>
<status status="PASS" starttime="20200713 19:38:53.263" endtime="20200713 19:38:53.360"></status>
</kw>
<kw name="Click Button" library="SeleniumLibrary">
<doc>Clicks the button identified by ``locator``.</doc>
<arguments>
<arg>id=btnLogin</arg>
</arguments>
<msg timestamp="20200713 19:38:53.361" level="INFO">Clicking button 'id=btnLogin'.</msg>
<status status="PASS" starttime="20200713 19:38:53.360" endtime="20200713 19:38:54.728"></status>
</kw>
<kw name="Click Element" library="SeleniumLibrary">
<doc>Click the element identified by ``locator``.</doc>
<arguments>
<arg>id=welcome</arg>
</arguments>
<msg timestamp="20200713 19:38:54.728" level="INFO">Clicking element 'id=welcome'.</msg>
<status status="PASS" starttime="20200713 19:38:54.728" endtime="20200713 19:38:54.800"></status>
</kw>
<kw name="Set Browser Implicit Wait" library="SeleniumLibrary">
<doc>Sets the implicit wait value used by Selenium.</doc>
<arguments>
<arg>5</arg>
</arguments>
<status status="PASS" starttime="20200713 19:38:54.801" endtime="20200713 19:38:54.811"></status>
</kw>
<kw name="Click Element" library="SeleniumLibrary">
<doc>Click the element identified by ``locator``.</doc>
<arguments>
<arg>link=Logout</arg>
</arguments>
<msg timestamp="20200713 19:38:54.813" level="INFO">Clicking element 'link=Logout'.</msg>
<status status="PASS" starttime="20200713 19:38:54.812" endtime="20200713 19:38:55.627"></status>
</kw>
<kw name="Log" library="BuiltIn">
<doc>Logs the given message with the given level.</doc>
<arguments>
<arg>Ceci est un test par %{Username} dans %{os}</arg>
</arguments>
<msg timestamp="20200713 19:38:55.628" level="INFO">Ceci est un test par natal dans Windows_NT</msg>
<status status="PASS" starttime="20200713 19:38:55.628" endtime="20200713 19:38:55.629"></status>
</kw>
<kw name="Log" library="BuiltIn">
<doc>Logs the given message with the given level.</doc>
<arguments>
<arg>Fin de test</arg>
</arguments>
<msg timestamp="20200713 19:38:55.629" level="INFO">Fin de test</msg>
<status status="PASS" starttime="20200713 19:38:55.629" endtime="20200713 19:38:55.629"></status>
</kw>
<kw name="Close Browser" library="SeleniumLibrary">
<doc>Closes the current browser.</doc>
<status status="PASS" starttime="20200713 19:38:55.629" endtime="20200713 19:38:57.780"></status>
</kw>
<doc>ceci un test de LogIn/Logout</doc>
<status status="PASS" starttime="20200713 19:38:47.122" endtime="20200713 19:38:57.782" critical="yes"></status>
</test>
<status status="PASS" starttime="20200713 19:38:46.907" endtime="20200713 19:38:57.785"></status>
</suite>
<status status="PASS" starttime="20200713 19:38:46.902" endtime="20200713 19:38:57.795"></status>
</suite>
<status status="PASS" starttime="20200713 19:38:46.878" endtime="20200713 19:38:57.800"></status>
</suite>
<statistics>
<total>
<stat pass="1" fail="0">Critical Tests</stat>
<stat pass="1" fail="0">All Tests</stat>
</total>
<tag>
</tag>
<suite>
<stat pass="1" fail="0" id="s1" name="IntroductionRobotFramework">IntroductionRobotFramework</stat>
<stat pass="1" fail="0" id="s1-s1" name="MesTests">IntroductionRobotFramework.MesTests</stat>
<stat pass="1" fail="0" id="s1-s1-s1" name="LoginSuitDe test">IntroductionRobotFramework.MesTests.LoginSuitDe test</stat>
</suite>
</statistics>
<errors>
<msg timestamp="20200713 19:38:53.146" level="WARN">Accessing variable items using '&amp;{DataLogin}[key1]' syntax is deprecated. Use '${DataLogin}[key1]' instead.</msg>
<msg timestamp="20200713 19:38:53.263" level="WARN">Accessing variable items using '&amp;{DataLogin}[key2]' syntax is deprecated. Use '${DataLogin}[key2]' instead.</msg>
</errors>
</robot>
